

times in msec
 clock   self+sourced   self:  sourced script
 clock   elapsed:              other lines

000.023  000.023: --- NVIM STARTING ---
000.072  000.050: event init
000.168  000.096: early init
011.836  011.668: locale set
011.901  000.066: init first window
012.360  000.459: inits 1
012.558  000.198: window checked
012.572  000.013: parsing arguments
013.733  000.279  000.279: require('vim.shared')
014.345  000.240  000.240: require('vim._options')
014.349  000.609  000.369: require('vim._editor')
014.353  000.994  000.106: require('vim._init_packages')
014.364  000.798: init lua interpreter
014.859  000.495: expanding arguments
014.893  000.033: inits 2
015.113  000.220: init highlight
015.116  000.003: waiting for UI
015.270  000.154: done waiting for UI
015.276  000.006: clear screen
015.537  000.261: init default mappings & autocommands
016.569  000.098  000.098: sourcing C:\Program Files\Neovim\share\nvim\runtime\ftplugin.vim
016.833  000.104  000.104: sourcing C:\Program Files\Neovim\share\nvim\runtime\indent.vim
018.182  000.879  000.879: require('configs.lazy')
018.433  000.204  000.204: require('lazy')
018.510  000.015  000.015: require('ffi')
018.803  000.237  000.237: require('vim.loader')
019.084  000.160  000.160: require('vim.fs')
019.369  000.459  000.298: require('lazy.stats')
019.678  000.137  000.137: require('lazy.core.util')
019.855  000.132  000.132: require('lazy.core.config')
020.149  000.125  000.125: require('lazy.core.handler')
020.407  000.215  000.215: require('lazy.core.plugin')
020.465  000.568  000.228: require('lazy.core.loader')
022.076  000.199  000.199: require('nvchad.plugins')
022.337  000.209  000.209: require('nvchad.plugins.ui')
022.680  000.116  000.116: require('plugins')
022.822  000.124  000.124: require('plugins')
023.142  000.113  000.113: require('lazy.core.handler.event')
023.239  000.087  000.087: require('lazy.core.handler.cmd')
023.337  000.093  000.093: require('lazy.core.handler.ft')
023.483  000.137  000.137: require('lazy.core.handler.keys')
023.700  000.182  000.182: require('vim.inspect')
023.822  000.043  000.043: require('vim.keymap')
024.855  000.287  000.287: sourcing C:\Program Files\Neovim\share\nvim\runtime/filetype.lua
027.779  000.758  000.758: require('nvchad.options')
027.786  000.882  000.124: require('options')
028.135  000.200  000.200: require('chadrc')
028.326  002.700  001.617: require('nvconfig')
028.739  000.379  000.379: require('nvchad.tabufline.lazyload')
028.756  003.692  000.614: require('nvchad')
029.123  000.093  000.093: sourcing C:\Program Files\Neovim\share\nvim\runtime/plugin/editorconfig.lua
029.322  000.027  000.027: sourcing C:\Program Files\Neovim\share\nvim\runtime/plugin/health.vim
029.528  000.091  000.091: sourcing C:\Program Files\Neovim\share\nvim\runtime/plugin/man.lua
029.879  000.235  000.235: sourcing C:\Program Files\Neovim\share\nvim\runtime/plugin/matchparen.vim
030.163  000.146  000.146: sourcing C:\Program Files\Neovim\share\nvim\runtime/plugin/nvim.lua
030.371  000.080  000.080: sourcing C:\Program Files\Neovim\share\nvim\runtime/plugin/shada.vim
030.539  000.029  000.029: sourcing C:\Program Files\Neovim\share\nvim\runtime/plugin/spellfile.vim
033.330  001.797  001.797: require('nvchad.autocmds')
033.388  016.266  005.854: sourcing C:\Users\Lenovo\AppData\Local\nvim\init.lua
033.421  001.415: sourcing vimrc file(s)
033.808  000.109  000.109: sourcing C:\Program Files\Neovim\share\nvim\runtime\filetype.lua
034.324  000.102  000.102: sourcing C:\Program Files\Neovim\share\nvim\runtime\syntax\synload.vim
034.410  000.432  000.331: sourcing C:\Program Files\Neovim\share\nvim\runtime\syntax\syntax.vim
034.424  000.462: inits 3
037.554  003.129: reading ShaDa
037.766  000.212: opening buffers
037.793  000.027: BufEnter autocommands
037.798  000.005: editing files in windows
037.805  000.007: VimEnter autocommands
037.844  000.039: UIEnter autocommands
052.255  010.866  010.866: sourcing C:\Program Files\Neovim\share\nvim\runtime\autoload\provider\clipboard.vim
052.279  003.569: before starting main loop
052.834  000.168  000.168: require('nvchad.stl.utils')
052.961  000.563  000.395: require('nvchad.stl.default')
053.091  000.250: first screen update
053.094  000.003: --- NVIM STARTED ---


times in msec
 clock   self+sourced   self:  sourced script
 clock   elapsed:              other lines

000.027  000.027: --- NVIM STARTING ---
000.113  000.086: event init
000.242  000.128: early init
011.351  011.109: locale set
011.440  000.089: init first window
012.027  000.587: inits 1
012.515  000.488: window checked
012.526  000.011: parsing arguments
013.624  000.265  000.265: require('vim.shared')
014.222  000.236  000.236: require('vim._options')
014.226  000.595  000.358: require('vim._editor')
014.230  000.988  000.129: require('vim._init_packages')
014.241  000.727: init lua interpreter
016.903  002.662: expanding arguments
016.985  000.083: inits 2
017.476  000.491: init highlight
